2018-03-08 10:29:40,297 [9] INFO  NewEnergyServer-61815234 - The server instance NewEnergyServer-61815234 has been started!
2018-03-08 10:32:33,706 [9] INFO  NewEnergyServer-31884011 - The server instance NewEnergyServer-31884011 has been started!
2018-03-08 10:33:19,276 [10] INFO  NewEnergyServer-10261382 - The server instance NewEnergyServer-10261382 has been started!
2018-03-08 10:34:41,355 [10] INFO  NewEnergyServer-10261382 - The server instance NewEnergyServer-10261382 has been started!
2018-03-08 10:35:35,005 [10] INFO  NewEnergyServer-10261382 - The server instance NewEnergyServer-10261382 has been started!
2018-03-08 10:37:37,238 [9] INFO  NewEnergyServer-31884011 - The server instance NewEnergyServer-31884011 has been started!
2018-03-08 10:48:58,129 [10] INFO  NewEnergyServer-10261382 - The server instance NewEnergyServer-10261382 has been started!
2018-03-08 10:51:21,187 [9] INFO  NewEnergyServer-31884011 - The server instance NewEnergyServer-31884011 has been started!
2018-03-08 10:53:12,668 [8] INFO  NewEnergyServer-14556615 - The server instance NewEnergyServer-14556615 has been started!
2018-03-08 10:55:43,661 [9] INFO  NewEnergyServer-31884011 - The server instance NewEnergyServer-31884011 has been started!
2018-03-08 10:59:30,383 [9] INFO  NewEnergyServer-31884011 - The server instance NewEnergyServer-31884011 has been started!
2018-03-08 11:00:06,683 [9] INFO  NewEnergyServer-31884011 - The server instance NewEnergyServer-31884011 has been started!
2018-03-08 11:01:00,050 [10] INFO  NewEnergyServer-10261382 - The server instance NewEnergyServer-10261382 has been started!
2018-03-08 11:02:27,547 [9] INFO  NewEnergyServer-31884011 - The server instance NewEnergyServer-31884011 has been started!
2018-03-08 11:03:25,939 [9] INFO  NewEnergyServer-31884011 - The server instance NewEnergyServer-31884011 has been started!
2018-03-08 11:07:07,678 [10] INFO  NewEnergyServer-10261382 - The server instance NewEnergyServer-10261382 has been started!
2018-03-08 11:09:54,427 [9] INFO  NewEnergyServer-31884011 - The server instance NewEnergyServer-31884011 has been started!
2018-03-08 11:28:18,014 [11] INFO  NewEnergyServer-36633745 - The server instance NewEnergyServer-36633745 has been started!
2018-03-08 11:29:11,424 [10] INFO  NewEnergyServer-10261382 - The server instance NewEnergyServer-10261382 has been started!
2018-03-08 11:32:00,834 [9] INFO  NewEnergyServer-31884011 - The server instance NewEnergyServer-31884011 has been started!
2018-03-08 11:36:04,920 [9] INFO  NewEnergyServer-31884011 - The server instance NewEnergyServer-31884011 has been started!
2018-03-08 11:37:19,455 [9] INFO  NewEnergyServer-31884011 - The server instance NewEnergyServer-31884011 has been started!
2018-03-08 11:38:34,557 [9] INFO  NewEnergyServer-31884011 - The server instance NewEnergyServer-31884011 has been started!
2018-03-08 11:39:52,015 [9] INFO  NewEnergyServer-31884011 - The server instance NewEnergyServer-31884011 has been started!
2018-03-08 11:59:14,921 [9] INFO  NewEnergyServer-31884011 - The server instance NewEnergyServer-31884011 has been started!
2018-03-08 13:14:32,233 [9] INFO  NewEnergyServer-31884011 - The server instance NewEnergyServer-31884011 has been started!
2018-03-08 13:19:02,746 [9] INFO  NewEnergyServer-31884011 - The server instance NewEnergyServer-31884011 has been started!
2018-03-08 13:21:50,350 [9] INFO  NewEnergyServer-31884011 - The server instance NewEnergyServer-31884011 has been started!
2018-03-08 13:25:34,333 [9] INFO  NewEnergyServer-31884011 - The server instance NewEnergyServer-31884011 has been started!
2018-03-08 13:29:57,580 [9] INFO  NewEnergyServer-31884011 - The server instance NewEnergyServer-31884011 has been started!
2018-03-08 13:32:47,204 [9] INFO  NewEnergyServer-31884011 - The server instance NewEnergyServer-31884011 has been started!
2018-03-08 13:36:04,131 [9] INFO  NewEnergyServer-31884011 - The server instance NewEnergyServer-31884011 has been started!
2018-03-08 13:38:46,795 [8] INFO  NewEnergyServer-14556615 - The server instance NewEnergyServer-14556615 has been started!
2018-03-08 13:40:17,863 [6] INFO  NewEnergyServer-30315356 - The server instance NewEnergyServer-30315356 has been started!
2018-03-08 13:41:45,208 [9] INFO  NewEnergyServer-31884011 - The server instance NewEnergyServer-31884011 has been started!
2018-03-08 13:44:31,669 [9] INFO  NewEnergyServer-31884011 - The server instance NewEnergyServer-31884011 has been started!
2018-03-08 14:30:27,685 [9] INFO  NewEnergyServer-31884011 - The server instance NewEnergyServer-31884011 has been started!
2018-03-08 14:31:36,120 [10] INFO  NewEnergyServer-31884011 - Session: ae73afb2-9c70-4170-afa6-2d526c8506f4/192.168.1.161:5606
A new session connected!
2018-03-08 14:31:36,143 [13] INFO  BSP_NewEnergy_Protocol.Program - Session：<<192.168.1.161:5606>><<ae73afb2-9c70-4170-afa6-2d526c8506f4>> connected,session count >> 1
2018-03-08 14:32:09,398 [13] INFO  BSP_NewEnergy_Protocol.Program - Received：68 31 00 31 00 68 C9 12 12 08 00 00 02 70 00 00 01 00 68 16
2018-03-08 14:32:09,400 [13] INFO  BSP_NewEnergy_Protocol.Program - 登录帧下行: 68 31 00 31 00 68 00 12 12 08 00 00 00 70 00 00 01 00 9D 16
2018-03-08 14:32:19,402 [13] INFO  BSP_NewEnergy_Protocol.Utils.MsgHandler - 定时任务 >> 主动下发校时：68 0C 0C 68 5C 12 12 00 08 09 18 03 08 14 32 19 7B 16
2018-03-08 14:32:29,409 [13] INFO  BSP_NewEnergy_Protocol.Utils.MsgHandler - 定时任务 >> 主动下发校时：68 0C 0C 68 5C 12 12 00 08 09 18 03 08 14 32 29 8B 16
2018-03-08 14:32:39,411 [13] INFO  BSP_NewEnergy_Protocol.Utils.MsgHandler - 定时任务 >> 主动下发校时：68 0C 0C 68 5C 12 12 00 08 09 18 03 08 14 32 39 9B 16
2018-03-08 14:32:49,412 [13] INFO  BSP_NewEnergy_Protocol.Utils.MsgHandler - 定时任务 >> 主动下发校时：68 0C 0C 68 5C 12 12 00 08 09 18 03 08 14 32 49 AB 16
2018-03-08 14:32:59,412 [13] INFO  BSP_NewEnergy_Protocol.Utils.MsgHandler - 定时任务 >> 主动下发校时：68 0C 0C 68 5C 12 12 00 08 09 18 03 08 14 32 59 BB 16
2018-03-08 14:33:09,418 [13] INFO  BSP_NewEnergy_Protocol.Utils.MsgHandler - 定时任务 >> 主动下发校时：68 0C 0C 68 5C 12 12 00 08 09 18 03 08 14 33 09 6C 16
2018-03-08 14:33:19,427 [13] INFO  BSP_NewEnergy_Protocol.Utils.MsgHandler - 定时任务 >> 主动下发校时：68 0C 0C 68 5C 12 12 00 08 09 18 03 08 14 33 19 7C 16
2018-03-08 14:33:29,430 [13] INFO  BSP_NewEnergy_Protocol.Utils.MsgHandler - 定时任务 >> 主动下发校时：68 0C 0C 68 5C 12 12 00 08 09 18 03 08 14 33 29 8C 16
2018-03-08 14:33:39,437 [13] INFO  BSP_NewEnergy_Protocol.Utils.MsgHandler - 定时任务 >> 主动下发校时：68 0C 0C 68 5C 12 12 00 08 09 18 03 08 14 33 39 9C 16
2018-03-08 14:33:49,438 [13] INFO  BSP_NewEnergy_Protocol.Utils.MsgHandler - 定时任务 >> 主动下发校时：68 0C 0C 68 5C 12 12 00 08 09 18 03 08 14 33 49 AC 16
2018-03-08 14:33:59,440 [13] INFO  BSP_NewEnergy_Protocol.Utils.MsgHandler - 定时任务 >> 主动下发校时：68 0C 0C 68 5C 12 12 00 08 09 18 03 08 14 33 59 BC 16
2018-03-08 14:34:09,447 [13] INFO  BSP_NewEnergy_Protocol.Utils.MsgHandler - 定时任务 >> 主动下发校时：68 0C 0C 68 5C 12 12 00 08 09 18 03 08 14 34 09 6D 16
2018-03-08 14:34:19,459 [13] INFO  BSP_NewEnergy_Protocol.Utils.MsgHandler - 定时任务 >> 主动下发校时：68 0C 0C 68 5C 12 12 00 08 09 18 03 08 14 34 19 7D 16
2018-03-08 14:34:29,461 [13] INFO  BSP_NewEnergy_Protocol.Utils.MsgHandler - 定时任务 >> 主动下发校时：68 0C 0C 68 5C 12 12 00 08 09 18 03 08 14 34 29 8D 16
2018-03-08 14:34:39,470 [13] INFO  BSP_NewEnergy_Protocol.Utils.MsgHandler - 定时任务 >> 主动下发校时：68 0C 0C 68 5C 12 12 00 08 09 18 03 08 14 34 39 9D 16
2018-03-08 14:34:49,477 [13] INFO  BSP_NewEnergy_Protocol.Utils.MsgHandler - 定时任务 >> 主动下发校时：68 0C 0C 68 5C 12 12 00 08 09 18 03 08 14 34 49 AD 16
2018-03-08 14:34:59,480 [13] INFO  BSP_NewEnergy_Protocol.Utils.MsgHandler - 定时任务 >> 主动下发校时：68 0C 0C 68 5C 12 12 00 08 09 18 03 08 14 34 59 BD 16
2018-03-08 14:35:09,487 [13] INFO  BSP_NewEnergy_Protocol.Utils.MsgHandler - 定时任务 >> 主动下发校时：68 0C 0C 68 5C 12 12 00 08 09 18 03 08 14 35 09 6E 16
2018-03-08 14:35:19,505 [13] INFO  BSP_NewEnergy_Protocol.Utils.MsgHandler - 定时任务 >> 主动下发校时：68 0C 0C 68 5C 12 12 00 08 09 18 03 08 14 35 19 7E 16
2018-03-08 14:35:29,504 [13] INFO  BSP_NewEnergy_Protocol.Utils.MsgHandler - 定时任务 >> 主动下发校时：68 0C 0C 68 5C 12 12 00 08 09 18 03 08 14 35 29 8E 16
2018-03-08 14:35:39,521 [13] INFO  BSP_NewEnergy_Protocol.Utils.MsgHandler - 定时任务 >> 主动下发校时：68 0C 0C 68 5C 12 12 00 08 09 18 03 08 14 35 39 9E 16
2018-03-08 14:35:49,520 [13] INFO  BSP_NewEnergy_Protocol.Utils.MsgHandler - 定时任务 >> 主动下发校时：68 0C 0C 68 5C 12 12 00 08 09 18 03 08 14 35 49 AE 16
2018-03-08 14:35:59,525 [13] INFO  BSP_NewEnergy_Protocol.Utils.MsgHandler - 定时任务 >> 主动下发校时：68 0C 0C 68 5C 12 12 00 08 09 18 03 08 14 35 59 BE 16
2018-03-08 14:36:09,525 [13] INFO  BSP_NewEnergy_Protocol.Utils.MsgHandler - 定时任务 >> 主动下发校时：68 0C 0C 68 5C 12 12 00 08 09 18 03 08 14 36 09 6F 16
2018-03-08 14:36:38,417 [9] INFO  NewEnergyServer-31884011 - The server instance NewEnergyServer-31884011 has been started!
2018-03-08 14:37:04,457 [10] INFO  NewEnergyServer-31884011 - Session: f694172a-e706-4be3-ac0a-53ba0af3b35e/192.168.1.161:7492
A new session connected!
2018-03-08 14:37:04,477 [13] INFO  BSP_NewEnergy_Protocol.Program - Session：<<192.168.1.161:7492>><<f694172a-e706-4be3-ac0a-53ba0af3b35e>> connected,session count >> 1
2018-03-08 14:37:05,426 [13] INFO  BSP_NewEnergy_Protocol.Program - Received：68 31 00 31 00 68 C9 12 12 08 00 00 02 70 00 00 01 00 68 16
2018-03-08 14:37:05,426 [13] INFO  BSP_NewEnergy_Protocol.Program - 登录帧下行: 68 31 00 31 00 68 00 12 12 08 00 00 00 70 00 00 01 00 9D 16
2018-03-08 14:37:15,437 [13] INFO  BSP_NewEnergy_Protocol.Utils.MsgHandler - 定时任务 >> 主动下发校时：68 0C 0C 68 5C 12 12 00 08 09 18 03 08 14 37 15 7C 16
2018-03-08 14:37:25,438 [13] INFO  BSP_NewEnergy_Protocol.Utils.MsgHandler - 定时任务 >> 主动下发校时：68 0C 0C 68 5C 12 12 00 08 09 18 03 08 14 37 25 8C 16
2018-03-08 14:37:35,439 [13] INFO  BSP_NewEnergy_Protocol.Utils.MsgHandler - 定时任务 >> 主动下发校时：68 0C 0C 68 5C 12 12 00 08 09 18 03 08 14 37 35 9C 16
2018-03-08 14:37:45,449 [13] INFO  BSP_NewEnergy_Protocol.Utils.MsgHandler - 定时任务 >> 主动下发校时：68 0C 0C 68 5C 12 12 00 08 09 18 03 08 14 37 45 AC 16
2018-03-08 14:37:55,459 [13] INFO  BSP_NewEnergy_Protocol.Utils.MsgHandler - 定时任务 >> 主动下发校时：68 0C 0C 68 5C 12 12 00 08 09 18 03 08 14 37 55 BC 16
2018-03-08 14:38:05,463 [13] INFO  BSP_NewEnergy_Protocol.Utils.MsgHandler - 定时任务 >> 主动下发校时：68 0C 0C 68 5C 12 12 00 08 09 18 03 08 14 38 05 6D 16
2018-03-08 14:38:15,465 [13] INFO  BSP_NewEnergy_Protocol.Utils.MsgHandler - 定时任务 >> 主动下发校时：68 0C 0C 68 5C 12 12 00 08 09 18 03 08 14 38 15 7D 16
2018-03-08 14:38:25,482 [13] INFO  BSP_NewEnergy_Protocol.Utils.MsgHandler - 定时任务 >> 主动下发校时：68 0C 0C 68 5C 12 12 00 08 09 18 03 08 14 38 25 8D 16
2018-03-08 14:38:35,497 [13] INFO  BSP_NewEnergy_Protocol.Utils.MsgHandler - 定时任务 >> 主动下发校时：68 0C 0C 68 5C 12 12 00 08 09 18 03 08 14 38 35 9D 16
2018-03-08 14:38:45,507 [13] INFO  BSP_NewEnergy_Protocol.Utils.MsgHandler - 定时任务 >> 主动下发校时：68 0C 0C 68 5C 12 12 00 08 09 18 03 08 14 38 45 AD 16
2018-03-08 14:39:14,371 [8] INFO  NewEnergyServer-14556615 - The server instance NewEnergyServer-14556615 has been started!
2018-03-08 14:39:19,410 [9] INFO  NewEnergyServer-14556615 - Session: 9ccaf55d-2872-4a40-ac8e-55619219704f/192.168.1.161:8210
A new session connected!
2018-03-08 14:39:19,413 [12] INFO  BSP_NewEnergy_Protocol.Program - Session：<<192.168.1.161:8210>><<9ccaf55d-2872-4a40-ac8e-55619219704f>> connected,session count >> 1
2018-03-08 14:39:21,457 [12] INFO  BSP_NewEnergy_Protocol.Program - Received：68 31 00 31 00 68 C9 12 12 08 00 00 02 70 00 00 01 00 68 16
2018-03-08 14:39:21,459 [12] INFO  BSP_NewEnergy_Protocol.Program - 登录帧下行: 68 31 00 31 00 68 00 12 12 08 00 00 00 70 00 00 01 00 9D 16
2018-03-08 14:39:31,461 [12] INFO  BSP_NewEnergy_Protocol.Utils.MsgHandler - 定时任务 >> 主动下发校时：68 0C 0C 68 5C 12 12 00 08 09 18 03 08 14 39 31 9A 16
2018-03-08 14:39:41,475 [12] INFO  BSP_NewEnergy_Protocol.Utils.MsgHandler - 定时任务 >> 主动下发校时：68 0C 0C 68 5C 12 12 00 08 09 18 03 08 14 39 41 AA 16
2018-03-08 14:39:51,487 [12] INFO  BSP_NewEnergy_Protocol.Utils.MsgHandler - 定时任务 >> 主动下发校时：68 0C 0C 68 5C 12 12 00 08 09 18 03 08 14 39 51 BA 16
2018-03-08 14:40:01,488 [12] INFO  BSP_NewEnergy_Protocol.Utils.MsgHandler - 定时任务 >> 主动下发校时：68 0C 0C 68 5C 12 12 00 08 09 18 03 08 14 40 01 71 16
2018-03-08 14:40:11,500 [12] INFO  BSP_NewEnergy_Protocol.Utils.MsgHandler - 定时任务 >> 主动下发校时：68 0C 0C 68 5C 12 12 00 08 09 18 03 08 14 40 11 81 16
2018-03-08 14:40:21,501 [13] INFO  BSP_NewEnergy_Protocol.Utils.MsgHandler - 定时任务 >> 主动下发校时：68 0C 0C 68 5C 12 12 00 08 09 18 03 08 14 40 21 91 16
2018-03-08 14:40:31,503 [12] INFO  BSP_NewEnergy_Protocol.Utils.MsgHandler - 定时任务 >> 主动下发校时：68 0C 0C 68 5C 12 12 00 08 09 18 03 08 14 40 31 A1 16
2018-03-08 14:40:41,503 [12] INFO  BSP_NewEnergy_Protocol.Utils.MsgHandler - 定时任务 >> 主动下发校时：68 0C 0C 68 5C 12 12 00 08 09 18 03 08 14 40 41 B1 16
2018-03-08 14:40:51,503 [15] INFO  BSP_NewEnergy_Protocol.Utils.MsgHandler - 定时任务 >> 主动下发校时：68 0C 0C 68 5C 12 12 00 08 09 18 03 08 14 40 51 C1 16
2018-03-08 14:41:01,531 [12] INFO  BSP_NewEnergy_Protocol.Utils.MsgHandler - 定时任务 >> 主动下发校时：68 0C 0C 68 5C 12 12 00 08 09 18 03 08 14 41 01 72 16
2018-03-08 14:41:11,561 [12] INFO  BSP_NewEnergy_Protocol.Utils.MsgHandler - 定时任务 >> 主动下发校时：68 0C 0C 68 5C 12 12 00 08 09 18 03 08 14 41 11 82 16
2018-03-08 14:41:21,569 [12] INFO  BSP_NewEnergy_Protocol.Utils.MsgHandler - 定时任务 >> 主动下发校时：68 0C 0C 68 5C 12 12 00 08 09 18 03 08 14 41 21 92 16
2018-03-08 14:41:31,569 [12] INFO  BSP_NewEnergy_Protocol.Utils.MsgHandler - 定时任务 >> 主动下发校时：68 0C 0C 68 5C 12 12 00 08 09 18 03 08 14 41 31 A2 16
2018-03-08 14:41:41,574 [12] INFO  BSP_NewEnergy_Protocol.Utils.MsgHandler - 定时任务 >> 主动下发校时：68 0C 0C 68 5C 12 12 00 08 09 18 03 08 14 41 41 B2 16
2018-03-08 14:41:51,590 [12] INFO  BSP_NewEnergy_Protocol.Utils.MsgHandler - 定时任务 >> 主动下发校时：68 0C 0C 68 5C 12 12 00 08 09 18 03 08 14 41 51 C2 16
2018-03-08 14:42:01,596 [12] INFO  BSP_NewEnergy_Protocol.Utils.MsgHandler - 定时任务 >> 主动下发校时：68 0C 0C 68 5C 12 12 00 08 09 18 03 08 14 42 01 73 16
2018-03-08 14:42:11,597 [12] INFO  BSP_NewEnergy_Protocol.Utils.MsgHandler - 定时任务 >> 主动下发校时：68 0C 0C 68 5C 12 12 00 08 09 18 03 08 14 42 11 83 16
2018-03-08 14:42:21,599 [12] INFO  BSP_NewEnergy_Protocol.Utils.MsgHandler - 定时任务 >> 主动下发校时：68 0C 0C 68 5C 12 12 00 08 09 18 03 08 14 42 21 93 16
2018-03-08 14:42:31,600 [12] INFO  BSP_NewEnergy_Protocol.Utils.MsgHandler - 定时任务 >> 主动下发校时：68 0C 0C 68 5C 12 12 00 08 09 18 03 08 14 42 31 A3 16
2018-03-08 14:42:41,613 [12] INFO  BSP_NewEnergy_Protocol.Utils.MsgHandler - 定时任务 >> 主动下发校时：68 0C 0C 68 5C 12 12 00 08 09 18 03 08 14 42 41 B3 16
2018-03-08 14:42:51,619 [12] INFO  BSP_NewEnergy_Protocol.Utils.MsgHandler - 定时任务 >> 主动下发校时：68 0C 0C 68 5C 12 12 00 08 09 18 03 08 14 42 51 C3 16
2018-03-08 14:43:25,509 [12] INFO  BSP_NewEnergy_Protocol.Utils.MsgHandler - 定时任务 >> 主动下发校时：68 0C 0C 68 5C 12 12 00 08 09 18 03 08 14 43 25 98 16
2018-03-08 14:43:35,519 [12] INFO  BSP_NewEnergy_Protocol.Utils.MsgHandler - 定时任务 >> 主动下发校时：68 0C 0C 68 5C 12 12 00 08 09 18 03 08 14 43 35 A8 16
2018-03-08 14:43:59,468 [10] INFO  NewEnergyServer-10261382 - The server instance NewEnergyServer-10261382 has been started!
2018-03-08 14:44:05,729 [11] INFO  NewEnergyServer-10261382 - Session: 0b4bd2b5-74e4-42c0-b821-dacf8fbdcadb/192.168.1.161:9536
A new session connected!
2018-03-08 14:44:05,732 [6] INFO  BSP_NewEnergy_Protocol.Program - Session：<<192.168.1.161:9536>><<0b4bd2b5-74e4-42c0-b821-dacf8fbdcadb>> connected,session count >> 1
2018-03-08 14:44:07,096 [6] INFO  BSP_NewEnergy_Protocol.Program - Received：68 31 00 31 00 68 C9 12 12 08 00 00 02 70 00 00 01 00 68 16
2018-03-08 14:44:07,098 [6] INFO  BSP_NewEnergy_Protocol.Program - 登录帧下行: 68 31 00 31 00 68 00 12 12 08 00 00 00 70 00 00 01 00 9D 16
2018-03-08 14:44:17,141 [16] INFO  BSP_NewEnergy_Protocol.Utils.MsgHandler - 定时任务 >> 主动下发校时：68 0C 0C 68 5C 12 12 00 08 09 18 03 08 14 44 17 8B 16
2018-03-08 14:45:30,696 [9] INFO  NewEnergyServer-31884011 - The server instance NewEnergyServer-31884011 has been started!
2018-03-08 14:45:34,149 [10] INFO  NewEnergyServer-31884011 - Session: 309555df-75bd-47cd-abcc-d809d4a6ad15/192.168.1.161:9992
A new session connected!
2018-03-08 14:45:34,149 [13] INFO  BSP_NewEnergy_Protocol.Program - Session：<<192.168.1.161:9992>><<309555df-75bd-47cd-abcc-d809d4a6ad15>> connected,session count >> 1
2018-03-08 14:45:35,041 [13] INFO  BSP_NewEnergy_Protocol.Program - Received：68 31 00 31 00 68 C9 12 12 08 00 00 02 70 00 00 01 00 68 16
2018-03-08 14:45:35,041 [13] INFO  BSP_NewEnergy_Protocol.Program - 登录帧下行: 68 31 00 31 00 68 00 12 12 08 00 00 00 70 00 00 01 00 9D 16
2018-03-08 14:46:39,126 [9] INFO  NewEnergyServer-31884011 - The server instance NewEnergyServer-31884011 has been started!
2018-03-08 14:46:43,126 [10] INFO  NewEnergyServer-31884011 - Session: 494c2fbb-ac79-4747-8f6c-911ad7474697/192.168.1.161:10359
A new session connected!
2018-03-08 14:46:43,128 [13] INFO  BSP_NewEnergy_Protocol.Program - Session：<<192.168.1.161:10359>><<494c2fbb-ac79-4747-8f6c-911ad7474697>> connected,session count >> 1
2018-03-08 14:46:43,912 [13] INFO  BSP_NewEnergy_Protocol.Program - Received：68 31 00 31 00 68 C9 12 12 08 00 00 02 70 00 00 01 00 68 16
2018-03-08 14:46:43,914 [13] INFO  BSP_NewEnergy_Protocol.Program - 登录帧下行: 68 31 00 31 00 68 00 12 12 08 00 00 00 70 00 00 01 00 9D 16
2018-03-08 14:47:08,445 [10] INFO  NewEnergyServer-10261382 - The server instance NewEnergyServer-10261382 has been started!
2018-03-08 14:47:09,166 [11] INFO  NewEnergyServer-10261382 - Session: 932e3d4e-67fe-465b-ba50-08f68dcbc0f7/192.168.1.161:10560
A new session connected!
2018-03-08 14:47:09,169 [6] INFO  BSP_NewEnergy_Protocol.Program - Session：<<192.168.1.161:10560>><<932e3d4e-67fe-465b-ba50-08f68dcbc0f7>> connected,session count >> 1
2018-03-08 14:47:10,211 [6] INFO  BSP_NewEnergy_Protocol.Program - Received：68 31 00 31 00 68 C9 12 12 08 00 00 02 70 00 00 01 00 68 16
2018-03-08 14:47:10,214 [6] INFO  BSP_NewEnergy_Protocol.Program - 登录帧下行: 68 31 00 31 00 68 00 12 12 08 00 00 00 70 00 00 01 00 9D 16
2018-03-08 14:47:20,225 [6] INFO  BSP_NewEnergy_Protocol.Utils.MsgHandler - 定时任务 >> 主动下发校时：68 0C 0C 68 5C 12 12 00 08 09 18 03 08 14 47 20 97 16
2018-03-08 14:47:30,231 [6] INFO  BSP_NewEnergy_Protocol.Utils.MsgHandler - 定时任务 >> 主动下发校时：68 0C 0C 68 5C 12 12 00 08 09 18 03 08 14 47 30 A7 16
2018-03-08 14:47:40,236 [6] INFO  BSP_NewEnergy_Protocol.Utils.MsgHandler - 定时任务 >> 主动下发校时：68 0C 0C 68 5C 12 12 00 08 09 18 03 08 14 47 40 B7 16
2018-03-08 14:47:50,258 [6] INFO  BSP_NewEnergy_Protocol.Utils.MsgHandler - 定时任务 >> 主动下发校时：68 0C 0C 68 5C 12 12 00 08 09 18 03 08 14 47 50 C7 16
2018-03-08 14:48:00,267 [6] INFO  BSP_NewEnergy_Protocol.Utils.MsgHandler - 定时任务 >> 主动下发校时：68 0C 0C 68 5C 12 12 00 08 09 18 03 08 14 48 00 78 16
2018-03-08 14:48:10,268 [6] INFO  BSP_NewEnergy_Protocol.Utils.MsgHandler - 定时任务 >> 主动下发校时：68 0C 0C 68 5C 12 12 00 08 09 18 03 08 14 48 10 88 16
2018-03-08 14:48:20,268 [6] INFO  BSP_NewEnergy_Protocol.Utils.MsgHandler - 定时任务 >> 主动下发校时：68 0C 0C 68 5C 12 12 00 08 09 18 03 08 14 48 20 98 16
2018-03-08 14:48:30,268 [6] INFO  BSP_NewEnergy_Protocol.Utils.MsgHandler - 定时任务 >> 主动下发校时：68 0C 0C 68 5C 12 12 00 08 09 18 03 08 14 48 30 A8 16
2018-03-08 14:48:40,285 [6] INFO  BSP_NewEnergy_Protocol.Utils.MsgHandler - 定时任务 >> 主动下发校时：68 0C 0C 68 5C 12 12 00 08 09 18 03 08 14 48 40 B8 16
2018-03-08 14:48:50,300 [6] INFO  BSP_NewEnergy_Protocol.Utils.MsgHandler - 定时任务 >> 主动下发校时：68 0C 0C 68 5C 12 12 00 08 09 18 03 08 14 48 50 C8 16
2018-03-08 14:49:00,300 [6] INFO  BSP_NewEnergy_Protocol.Utils.MsgHandler - 定时任务 >> 主动下发校时：68 0C 0C 68 5C 12 12 00 08 09 18 03 08 14 49 00 79 16
2018-03-08 14:49:10,317 [6] INFO  BSP_NewEnergy_Protocol.Utils.MsgHandler - 定时任务 >> 主动下发校时：68 0C 0C 68 5C 12 12 00 08 09 18 03 08 14 49 10 89 16
2018-03-08 14:49:20,318 [6] INFO  BSP_NewEnergy_Protocol.Utils.MsgHandler - 定时任务 >> 主动下发校时：68 0C 0C 68 5C 12 12 00 08 09 18 03 08 14 49 20 99 16
2018-03-08 14:49:30,328 [6] INFO  BSP_NewEnergy_Protocol.Utils.MsgHandler - 定时任务 >> 主动下发校时：68 0C 0C 68 5C 12 12 00 08 09 18 03 08 14 49 30 A9 16
2018-03-08 14:49:40,338 [6] INFO  BSP_NewEnergy_Protocol.Utils.MsgHandler - 定时任务 >> 主动下发校时：68 0C 0C 68 5C 12 12 00 08 09 18 03 08 14 49 40 B9 16
2018-03-08 14:49:50,352 [6] INFO  BSP_NewEnergy_Protocol.Utils.MsgHandler - 定时任务 >> 主动下发校时：68 0C 0C 68 5C 12 12 00 08 09 18 03 08 14 49 50 C9 16
2018-03-08 14:49:56,354 [17] INFO  BSP_NewEnergy_Protocol.Utils.MsgHandler - 下发初始化指令：68 06 06 68 5D 12 12 00 08 03 F4 16
2018-03-08 14:50:00,362 [6] INFO  BSP_NewEnergy_Protocol.Utils.MsgHandler - 定时任务 >> 主动下发校时：68 0C 0C 68 5C 12 12 00 08 09 18 03 08 14 50 00 80 16
2018-03-08 14:50:10,395 [6] INFO  BSP_NewEnergy_Protocol.Utils.MsgHandler - 定时任务 >> 主动下发校时：68 0C 0C 68 5C 12 12 00 08 09 18 03 08 14 50 10 90 16
2018-03-08 14:50:20,420 [6] INFO  BSP_NewEnergy_Protocol.Utils.MsgHandler - 定时任务 >> 主动下发校时：68 0C 0C 68 5C 12 12 00 08 09 18 03 08 14 50 20 A0 16
2018-03-08 14:50:30,441 [6] INFO  BSP_NewEnergy_Protocol.Utils.MsgHandler - 定时任务 >> 主动下发校时：68 0C 0C 68 5C 12 12 00 08 09 18 03 08 14 50 30 B0 16
2018-03-08 14:50:40,442 [6] INFO  BSP_NewEnergy_Protocol.Utils.MsgHandler - 定时任务 >> 主动下发校时：68 0C 0C 68 5C 12 12 00 08 09 18 03 08 14 50 40 C0 16
2018-03-08 14:50:50,462 [6] INFO  BSP_NewEnergy_Protocol.Utils.MsgHandler - 定时任务 >> 主动下发校时：68 0C 0C 68 5C 12 12 00 08 09 18 03 08 14 50 50 D0 16
2018-03-08 14:51:00,469 [6] INFO  BSP_NewEnergy_Protocol.Utils.MsgHandler - 定时任务 >> 主动下发校时：68 0C 0C 68 5C 12 12 00 08 09 18 03 08 14 51 00 81 16
2018-03-08 14:51:10,470 [6] INFO  BSP_NewEnergy_Protocol.Utils.MsgHandler - 定时任务 >> 主动下发校时：68 0C 0C 68 5C 12 12 00 08 09 18 03 08 14 51 10 91 16
2018-03-08 14:51:20,472 [6] INFO  BSP_NewEnergy_Protocol.Utils.MsgHandler - 定时任务 >> 主动下发校时：68 0C 0C 68 5C 12 12 00 08 09 18 03 08 14 51 20 A1 16
2018-03-08 14:51:30,486 [6] INFO  BSP_NewEnergy_Protocol.Utils.MsgHandler - 定时任务 >> 主动下发校时：68 0C 0C 68 5C 12 12 00 08 09 18 03 08 14 51 30 B1 16
2018-03-08 14:51:40,490 [21] INFO  BSP_NewEnergy_Protocol.Utils.MsgHandler - 定时任务 >> 主动下发校时：68 0C 0C 68 5C 12 12 00 08 09 18 03 08 14 51 40 C1 16
2018-03-08 14:51:50,502 [21] INFO  BSP_NewEnergy_Protocol.Utils.MsgHandler - 定时任务 >> 主动下发校时：68 0C 0C 68 5C 12 12 00 08 09 18 03 08 14 51 50 D1 16
2018-03-08 14:52:00,505 [21] INFO  BSP_NewEnergy_Protocol.Utils.MsgHandler - 定时任务 >> 主动下发校时：68 0C 0C 68 5C 12 12 00 08 09 18 03 08 14 52 00 82 16
2018-03-08 14:52:10,549 [21] INFO  BSP_NewEnergy_Protocol.Utils.MsgHandler - 定时任务 >> 主动下发校时：68 0C 0C 68 5C 12 12 00 08 09 18 03 08 14 52 10 92 16
2018-03-08 14:52:20,567 [21] INFO  BSP_NewEnergy_Protocol.Utils.MsgHandler - 定时任务 >> 主动下发校时：68 0C 0C 68 5C 12 12 00 08 09 18 03 08 14 52 20 A2 16
2018-03-08 14:52:30,581 [21] INFO  BSP_NewEnergy_Protocol.Utils.MsgHandler - 定时任务 >> 主动下发校时：68 0C 0C 68 5C 12 12 00 08 09 18 03 08 14 52 30 B2 16
2018-03-08 14:52:40,594 [21] INFO  BSP_NewEnergy_Protocol.Utils.MsgHandler - 定时任务 >> 主动下发校时：68 0C 0C 68 5C 12 12 00 08 09 18 03 08 14 52 40 C2 16
2018-03-08 14:52:50,602 [21] INFO  BSP_NewEnergy_Protocol.Utils.MsgHandler - 定时任务 >> 主动下发校时：68 0C 0C 68 5C 12 12 00 08 09 18 03 08 14 52 50 D2 16
2018-03-08 14:53:00,642 [21] INFO  BSP_NewEnergy_Protocol.Utils.MsgHandler - 定时任务 >> 主动下发校时：68 0C 0C 68 5C 12 12 00 08 09 18 03 08 14 53 00 83 16
2018-03-08 14:53:10,649 [21] INFO  BSP_NewEnergy_Protocol.Utils.MsgHandler - 定时任务 >> 主动下发校时：68 0C 0C 68 5C 12 12 00 08 09 18 03 08 14 53 10 93 16
2018-03-08 14:53:20,683 [21] INFO  BSP_NewEnergy_Protocol.Utils.MsgHandler - 定时任务 >> 主动下发校时：68 0C 0C 68 5C 12 12 00 08 09 18 03 08 14 53 20 A3 16
2018-03-08 14:53:30,696 [21] INFO  BSP_NewEnergy_Protocol.Utils.MsgHandler - 定时任务 >> 主动下发校时：68 0C 0C 68 5C 12 12 00 08 09 18 03 08 14 53 30 B3 16
2018-03-08 14:53:40,697 [21] INFO  BSP_NewEnergy_Protocol.Utils.MsgHandler - 定时任务 >> 主动下发校时：68 0C 0C 68 5C 12 12 00 08 09 18 03 08 14 53 40 C3 16
2018-03-08 14:53:50,711 [21] INFO  BSP_NewEnergy_Protocol.Utils.MsgHandler - 定时任务 >> 主动下发校时：68 0C 0C 68 5C 12 12 00 08 09 18 03 08 14 53 50 D3 16
2018-03-08 14:54:00,715 [21] INFO  BSP_NewEnergy_Protocol.Utils.MsgHandler - 定时任务 >> 主动下发校时：68 0C 0C 68 5C 12 12 00 08 09 18 03 08 14 54 00 84 16
2018-03-08 14:54:10,727 [21] INFO  BSP_NewEnergy_Protocol.Utils.MsgHandler - 定时任务 >> 主动下发校时：68 0C 0C 68 5C 12 12 00 08 09 18 03 08 14 54 10 94 16
2018-03-08 14:54:20,747 [21] INFO  BSP_NewEnergy_Protocol.Utils.MsgHandler - 定时任务 >> 主动下发校时：68 0C 0C 68 5C 12 12 00 08 09 18 03 08 14 54 20 A4 16
2018-03-08 14:54:30,758 [21] INFO  BSP_NewEnergy_Protocol.Utils.MsgHandler - 定时任务 >> 主动下发校时：68 0C 0C 68 5C 12 12 00 08 09 18 03 08 14 54 30 B4 16
2018-03-08 14:54:40,759 [21] INFO  BSP_NewEnergy_Protocol.Utils.MsgHandler - 定时任务 >> 主动下发校时：68 0C 0C 68 5C 12 12 00 08 09 18 03 08 14 54 40 C4 16
2018-03-08 14:54:50,770 [21] INFO  BSP_NewEnergy_Protocol.Utils.MsgHandler - 定时任务 >> 主动下发校时：68 0C 0C 68 5C 12 12 00 08 09 18 03 08 14 54 50 D4 16
2018-03-08 14:55:00,774 [21] INFO  BSP_NewEnergy_Protocol.Utils.MsgHandler - 定时任务 >> 主动下发校时：68 0C 0C 68 5C 12 12 00 08 09 18 03 08 14 55 00 85 16
2018-03-08 14:57:36,996 [9] INFO  NewEnergyServer-31884011 - The server instance NewEnergyServer-31884011 has been started!
2018-03-08 14:57:41,878 [10] INFO  NewEnergyServer-31884011 - Session: 5d0379f2-0bf3-4a42-b812-42c1869b4c24/192.168.1.161:12940
A new session connected!
2018-03-08 14:57:41,885 [13] INFO  BSP_NewEnergy_Protocol.Program - Session：<<192.168.1.161:12940>><<5d0379f2-0bf3-4a42-b812-42c1869b4c24>> connected,session count >> 1
2018-03-08 14:57:42,762 [13] INFO  BSP_NewEnergy_Protocol.Program - Received：68 31 00 31 00 68 C9 12 12 08 00 00 02 70 00 00 01 00 68 16
2018-03-08 14:57:42,764 [13] INFO  BSP_NewEnergy_Protocol.Program - 登录帧下行: 68 31 00 31 00 68 00 12 12 08 00 00 00 70 00 00 01 00 9D 16
2018-03-08 14:57:52,773 [14] INFO  BSP_NewEnergy_Protocol.Utils.MsgHandler - 定时任务 >> 主动下发校时：68 0C 0C 68 5C 12 12 00 08 09 18 03 08 14 57 52 D9 16
2018-03-08 14:58:02,772 [14] INFO  BSP_NewEnergy_Protocol.Utils.MsgHandler - 定时任务 >> 主动下发校时：68 0C 0C 68 5C 12 12 00 08 09 18 03 08 14 58 02 8A 16
2018-03-08 14:58:12,774 [14] INFO  BSP_NewEnergy_Protocol.Utils.MsgHandler - 定时任务 >> 主动下发校时：68 0C 0C 68 5C 12 12 00 08 09 18 03 08 14 58 12 9A 16
2018-03-08 14:58:22,784 [13] INFO  BSP_NewEnergy_Protocol.Utils.MsgHandler - 定时任务 >> 主动下发校时：68 0C 0C 68 5C 12 12 00 08 09 18 03 08 14 58 22 AA 16
2018-03-08 14:58:32,788 [13] INFO  BSP_NewEnergy_Protocol.Utils.MsgHandler - 定时任务 >> 主动下发校时：68 0C 0C 68 5C 12 12 00 08 09 18 03 08 14 58 32 BA 16
2018-03-08 14:58:42,790 [13] INFO  BSP_NewEnergy_Protocol.Utils.MsgHandler - 定时任务 >> 主动下发校时：68 0C 0C 68 5C 12 12 00 08 09 18 03 08 14 58 42 CA 16
2018-03-08 14:58:52,791 [14] INFO  BSP_NewEnergy_Protocol.Utils.MsgHandler - 定时任务 >> 主动下发校时：68 0C 0C 68 5C 12 12 00 08 09 18 03 08 14 58 52 DA 16
2018-03-08 14:59:02,798 [14] INFO  BSP_NewEnergy_Protocol.Utils.MsgHandler - 定时任务 >> 主动下发校时：68 0C 0C 68 5C 12 12 00 08 09 18 03 08 14 59 02 8B 16
2018-03-08 14:59:12,821 [13] INFO  BSP_NewEnergy_Protocol.Utils.MsgHandler - 定时任务 >> 主动下发校时：68 0C 0C 68 5C 12 12 00 08 09 18 03 08 14 59 12 9B 16
2018-03-08 14:59:22,835 [14] INFO  BSP_NewEnergy_Protocol.Utils.MsgHandler - 定时任务 >> 主动下发校时：68 0C 0C 68 5C 12 12 00 08 09 18 03 08 14 59 22 AB 16
2018-03-08 14:59:32,840 [14] INFO  BSP_NewEnergy_Protocol.Utils.MsgHandler - 定时任务 >> 主动下发校时：68 0C 0C 68 5C 12 12 00 08 09 18 03 08 14 59 32 BB 16
2018-03-08 14:59:48,513 [11] INFO  NewEnergyServer-63238509 - The server instance NewEnergyServer-63238509 has been started!
2018-03-08 14:59:59,012 [12] INFO  NewEnergyServer-63238509 - Session: ef5662db-5c44-4831-bbf5-5820024d9287/192.168.1.161:13432
A new session connected!
2018-03-08 14:59:59,026 [15] INFO  BSP_NewEnergy_Protocol.Program - Session：<<192.168.1.161:13432>><<ef5662db-5c44-4831-bbf5-5820024d9287>> connected,session count >> 1
2018-03-08 14:59:59,732 [15] INFO  BSP_NewEnergy_Protocol.Program - Received：68 31 00 31 00 68 C9 12 12 08 00 00 02 70 00 00 01 00 68 16
2018-03-08 14:59:59,734 [15] INFO  BSP_NewEnergy_Protocol.Program - 登录帧下行: 68 31 00 31 00 68 00 12 12 08 00 00 00 70 00 00 01 00 9D 16
2018-03-08 15:00:09,740 [15] INFO  BSP_NewEnergy_Protocol.Utils.MsgHandler - 定时任务 >> 主动下发校时：68 0C 0C 68 5C 12 12 00 08 09 18 03 08 15 00 09 3A 16
2018-03-08 15:00:19,738 [7] INFO  BSP_NewEnergy_Protocol.Utils.MsgHandler - 定时任务 >> 主动下发校时：68 0C 0C 68 5C 12 12 00 08 09 18 03 08 15 00 19 4A 16
2018-03-08 15:00:29,740 [15] INFO  BSP_NewEnergy_Protocol.Utils.MsgHandler - 定时任务 >> 主动下发校时：68 0C 0C 68 5C 12 12 00 08 09 18 03 08 15 00 29 5A 16
2018-03-08 15:00:39,740 [13] INFO  BSP_NewEnergy_Protocol.Utils.MsgHandler - 定时任务 >> 主动下发校时：68 0C 0C 68 5C 12 12 00 08 09 18 03 08 15 00 39 6A 16
2018-03-08 15:00:49,754 [15] INFO  BSP_NewEnergy_Protocol.Utils.MsgHandler - 定时任务 >> 主动下发校时：68 0C 0C 68 5C 12 12 00 08 09 18 03 08 15 00 49 7A 16
2018-03-08 15:00:59,756 [15] INFO  BSP_NewEnergy_Protocol.Utils.MsgHandler - 定时任务 >> 主动下发校时：68 0C 0C 68 5C 12 12 00 08 09 18 03 08 15 00 59 8A 16
2018-03-08 15:01:09,770 [15] INFO  BSP_NewEnergy_Protocol.Utils.MsgHandler - 定时任务 >> 主动下发校时：68 0C 0C 68 5C 12 12 00 08 09 18 03 08 15 01 09 3B 16
2018-03-08 15:01:19,771 [15] INFO  BSP_NewEnergy_Protocol.Utils.MsgHandler - 定时任务 >> 主动下发校时：68 0C 0C 68 5C 12 12 00 08 09 18 03 08 15 01 19 4B 16
2018-03-08 15:01:54,703 [9] INFO  NewEnergyServer-31884011 - The server instance NewEnergyServer-31884011 has been started!
2018-03-08 15:02:09,647 [10] INFO  NewEnergyServer-31884011 - Session: 3fd1fe02-4579-48f8-b96d-abfcde3f4bfb/192.168.1.161:13920
A new session connected!
2018-03-08 15:02:09,654 [13] INFO  BSP_NewEnergy_Protocol.Program - Session：<<192.168.1.161:13920>><<3fd1fe02-4579-48f8-b96d-abfcde3f4bfb>> connected,session count >> 1
2018-03-08 15:02:10,366 [13] INFO  BSP_NewEnergy_Protocol.Program - Received：68 31 00 31 00 68 C9 12 12 08 00 00 02 70 00 00 01 00 68 16
2018-03-08 15:02:10,376 [13] INFO  BSP_NewEnergy_Protocol.Program - 登录帧下行: 68 31 00 31 00 68 00 12 12 08 00 00 00 70 00 00 01 00 9D 16
2018-03-08 15:02:17,235 [10] INFO  BSP_NewEnergy_Protocol.Utils.MsgHandler - 下发初始化指令：68 06 06 68 5D 12 12 00 08 03 F4 16
2018-03-08 15:02:20,366 [14] INFO  BSP_NewEnergy_Protocol.Utils.MsgHandler - 定时任务 >> 主动下发校时：68 0C 0C 68 5C 12 12 00 08 09 18 03 08 15 02 20 53 16
2018-03-08 15:02:30,367 [14] INFO  BSP_NewEnergy_Protocol.Utils.MsgHandler - 定时任务 >> 主动下发校时：68 0C 0C 68 5C 12 12 00 08 09 18 03 08 15 02 30 63 16
2018-03-08 15:02:40,375 [14] INFO  BSP_NewEnergy_Protocol.Utils.MsgHandler - 定时任务 >> 主动下发校时：68 0C 0C 68 5C 12 12 00 08 09 18 03 08 15 02 40 73 16
2018-03-08 15:02:50,386 [14] INFO  BSP_NewEnergy_Protocol.Utils.MsgHandler - 定时任务 >> 主动下发校时：68 0C 0C 68 5C 12 12 00 08 09 18 03 08 15 02 50 83 16
2018-03-08 15:03:00,401 [14] INFO  BSP_NewEnergy_Protocol.Utils.MsgHandler - 定时任务 >> 主动下发校时：68 0C 0C 68 5C 12 12 00 08 09 18 03 08 15 03 00 34 16
2018-03-08 15:03:10,421 [14] INFO  BSP_NewEnergy_Protocol.Utils.MsgHandler - 定时任务 >> 主动下发校时：68 0C 0C 68 5C 12 12 00 08 09 18 03 08 15 03 10 44 16
2018-03-08 15:03:20,434 [14] INFO  BSP_NewEnergy_Protocol.Utils.MsgHandler - 定时任务 >> 主动下发校时：68 0C 0C 68 5C 12 12 00 08 09 18 03 08 15 03 20 54 16
2018-03-08 15:03:30,434 [14] INFO  BSP_NewEnergy_Protocol.Utils.MsgHandler - 定时任务 >> 主动下发校时：68 0C 0C 68 5C 12 12 00 08 09 18 03 08 15 03 30 64 16
2018-03-08 15:03:40,444 [13] INFO  BSP_NewEnergy_Protocol.Utils.MsgHandler - 定时任务 >> 主动下发校时：68 0C 0C 68 5C 12 12 00 08 09 18 03 08 15 03 40 74 16
2018-03-08 15:03:50,445 [13] INFO  BSP_NewEnergy_Protocol.Utils.MsgHandler - 定时任务 >> 主动下发校时：68 0C 0C 68 5C 12 12 00 08 09 18 03 08 15 03 50 84 16
2018-03-08 15:12:46,344 [9] INFO  NewEnergyServer-31884011 - The server instance NewEnergyServer-31884011 has been started!
2018-03-08 15:17:03,698 [10] INFO  NewEnergyServer-10261382 - The server instance NewEnergyServer-10261382 has been started!
2018-03-08 15:20:33,325 [9] INFO  NewEnergyServer-31884011 - The server instance NewEnergyServer-31884011 has been started!
2018-03-08 15:24:19,352 [9] INFO  NewEnergyServer-31884011 - The server instance NewEnergyServer-31884011 has been started!
2018-03-08 15:24:39,210 [10] INFO  NewEnergyServer-31884011 - Session: a0853fac-7235-4c9f-a37f-569bbea2c7f3/192.168.1.161:17513
A new session connected!
2018-03-08 15:24:39,233 [13] INFO  BSP_NewEnergy_Protocol.Program - Session：<<192.168.1.161:17513>><<a0853fac-7235-4c9f-a37f-569bbea2c7f3>> connected,session count >> 1
2018-03-08 15:24:40,081 [14] INFO  BSP_NewEnergy_Protocol.Program - Received：68 31 00 31 00 68 C9 12 12 08 00 00 02 70 00 00 01 00 68 16
2018-03-08 15:24:40,081 [14] INFO  BSP_NewEnergy_Protocol.Program - 登录帧下行: 68 31 00 31 00 68 00 12 12 08 00 00 00 70 00 00 01 00 9D 16
2018-03-08 15:24:50,081 [14] INFO  BSP_NewEnergy_Protocol.Utils.MsgHandler - 定时任务 >> 主动下发校时：68 0C 0C 68 5C 12 12 00 08 09 18 03 08 15 24 50 A5 16
2018-03-08 15:49:07,699 [9] INFO  NewEnergyServer-31884011 - The server instance NewEnergyServer-31884011 has been started!
2018-03-08 16:46:24,255 [10] INFO  NewEnergyServer-9343812 - The server instance NewEnergyServer-9343812 has been started!
2018-03-08 16:51:02,251 [9] INFO  NewEnergyServer-31884011 - The server instance NewEnergyServer-31884011 has been started!
2018-03-08 16:51:25,509 [9] INFO  BSP_NewEnergy_Protocol.Utils.MsgHandler - 解析倾角仪上报数据 >> 地址码：12120008，串口号：01，采集地址：0008，厂家：01，x坐标：-1082113655，y坐标：1057249821，时标：302188560
2018-03-08 16:58:00,055 [9] INFO  NewEnergyServer-31884011 - The server instance NewEnergyServer-31884011 has been started!
2018-03-08 16:58:25,582 [9] INFO  BSP_NewEnergy_Protocol.Utils.MsgHandler - 解析倾角仪上报数据 >> 地址码：12120008，串口号：01，采集地址：0008，厂家：01，x坐标：-2.329207E-33，y坐标：2.885425E-21，时标：302188560
2018-03-08 17:08:37,213 [9] INFO  NewEnergyServer-31884011 - The server instance NewEnergyServer-31884011 has been started!
2018-03-08 17:08:58,985 [9] INFO  BSP_NewEnergy_Protocol.Utils.MsgHandler - 解析倾角仪上报数据 >> 地址码：12120008，串口号：01，采集地址：0008，厂家：01，x坐标：-1.002，y坐标：0.517，时标：302188560
2018-03-08 17:10:18,765 [9] INFO  NewEnergyServer-31884011 - The server instance NewEnergyServer-31884011 has been started!
2018-03-08 17:10:23,941 [9] INFO  BSP_NewEnergy_Protocol.Utils.MsgHandler - 解析倾角仪上报数据 >> 地址码：12120008，串口号：01，采集地址：0008，厂家：01，x坐标：-1.002，y坐标：2.885425E-21，时标：302188560
2018-03-08 17:17:59,650 [9] INFO  NewEnergyServer-31884011 - The server instance NewEnergyServer-31884011 has been started!
2018-03-08 17:18:02,796 [9] INFO  BSP_NewEnergy_Protocol.Utils.MsgHandler - 解析倾角仪上报数据 >> 地址码：12120008，串口号：02，采集地址：0101，厂家：D4，x坐标：77.1101，y坐标：1.785478E-15，时标：285874190
2018-03-08 17:21:25,531 [9] INFO  NewEnergyServer-31884011 - The server instance NewEnergyServer-31884011 has been started!
2018-03-08 17:21:32,676 [9] INFO  BSP_NewEnergy_Protocol.Utils.MsgHandler - 解析倾角仪上报数据 >> 地址码：12120008，串口号：02，采集地址：0101，厂家：D4，x坐标：77.1101，y坐标：84.0003，时标：285874190
2018-03-08 17:27:56,167 [9] INFO  NewEnergyServer-31884011 - The server instance NewEnergyServer-31884011 has been started!
2018-03-08 17:28:07,529 [9] INFO  BSP_NewEnergy_Protocol.Utils.MsgHandler - 解析倾角仪上报数据 >> 地址码：12120008，串口号：02，采集地址：0101，厂家：D4，x坐标：77.1101，y坐标：84.0003，时标：171024141818
2018-03-08 17:28:49,147 [9] INFO  BSP_NewEnergy_Protocol.Utils.MsgHandler - 解析倾角仪上报数据 >> 地址码：12120008，串口号：01，采集地址：0008，厂家：01，x坐标：-1.002，y坐标：0.517，时标：1838163641
2018-03-08 17:40:02,353 [9] INFO  NewEnergyServer-31884011 - The server instance NewEnergyServer-31884011 has been started!
2018-03-08 17:40:37,152 [9] INFO  BSP_NewEnergy_Protocol.Utils.MsgHandler - 解析倾角仪上报数据 >> 地址码：12120008，串口号：01，采集地址：0008，厂家：01，x坐标：-0.997，y坐标：0.516，时标：180308173641
